<?xml version="1.0" encoding="UTF-8"?>
<!-- Generated by org.testng.reporters.JUnitReportReporter -->
<testsuite skipped="0" hostname="DESKTOP-15THD46" name="com.w2a.testcases.TestCase_01" tests="1" failures="0" timestamp="2021-05-15T11:08:01 IST" time="5.020" errors="0">
  <testcase name="testCase01" time="5.020" classname="com.w2a.testcases.TestCase_01"/>
</testsuite> <!-- com.w2a.testcases.TestCase_01 -->
